12:33:27,215 INFO anaconda: /sbin/anaconda 19.31.123-1
12:33:27,566 INFO anaconda: 1048576 kB (1024 MB) are available
12:33:27,566 INFO anaconda: check_memory(): total:1024, needed:512, graphical:512
12:33:27,573 INFO anaconda: anaconda called with cmdline = ['/sbin/anaconda']
12:33:27,574 INFO anaconda: Default encoding = utf-8 
12:33:27,626 INFO anaconda: Parsing kickstart: /run/install/ks.cfg
12:33:27,650 INFO anaconda: 1048576 kB (1024 MB) are available
12:33:28,007 INFO anaconda: Display mode = c
12:33:28,009 INFO anaconda: 1048576 kB (1024 MB) are available
12:33:28,009 INFO anaconda: check_memory(): total:1024, needed:512, graphical:512
12:33:28,041 INFO anaconda: using only installclass CentOS Linux
12:33:28,669 INFO anaconda: boot loader GRUB2 on X86 platform
12:33:28,681 INFO anaconda: boot loader GRUB2 on X86 platform
12:33:28,706 DEBUG anaconda: network: devices found ['ens3']
12:33:28,809 DEBUG anaconda: network: pre kickstart - updating settings of device ens3
12:33:28,896 DEBUG anaconda: network: kickstart pre section applied for devices ['ens3']
12:33:29,081 DEBUG anaconda: network: setting real kickstart ONBOOT value for devices ['ens3']
12:33:29,167 DEBUG anaconda: updating hostname localhost.localdomain
12:33:29,185 INFO anaconda: Running Thread: AnaStorageThread (140511330031360)
12:33:29,190 INFO anaconda: Running Thread: AnaTimeInitThread (140511321638656)
12:33:29,191 INFO anaconda: Running Thread: AnaWaitForConnectingNMThread (140511312193280)
12:33:29,203 INFO anaconda: Running Thread: AnaPayloadRestartThread (140511303800576)
12:33:29,214 INFO anaconda: Thread Done: AnaPayloadRestartThread (140511303800576)
12:33:29,222 INFO anaconda: Running Thread: AnaPayloadThread (140511295407872)
12:33:29,297 INFO anaconda: 1048576 kB (1024 MB) are available
12:33:29,309 DEBUG anaconda: updating hostname localhost.localdomain
12:33:29,355 INFO anaconda: got 0 NTP servers from DHCP
12:33:29,356 INFO anaconda: Thread Done: AnaWaitForConnectingNMThread (140511312193280)
12:33:29,494 INFO anaconda: Running Thread: AnaSourceWatcher (140511312193280)
12:33:29,535 INFO anaconda: Running Thread: AnaStorageWatcher (140511303800576)
12:33:30,002 INFO anaconda: Thread Done: AnaTimeInitThread (140511321638656)
12:33:30,654 INFO anaconda: Thread Done: AnaStorageThread (140511330031360)
12:33:30,666 INFO anaconda: Thread Done: AnaStorageWatcher (140511303800576)
12:33:49,188 INFO anaconda: Thread Done: AnaPayloadThread (140511295407872)
12:33:49,188 INFO anaconda: Thread Done: AnaSourceWatcher (140511312193280)
12:33:49,225 DEBUG anaconda: new disk order: []
12:33:49,369 DEBUG anaconda: new disk order: []
12:33:49,424 DEBUG anaconda: _is_valid_disklabel(sda) returning True
12:33:49,424 DEBUG anaconda: _is_valid_size(sda) returning True
12:33:49,424 DEBUG anaconda: _is_valid_location(sda) returning True
12:33:49,424 DEBUG anaconda: _is_valid_format(sda) returning True
12:33:49,425 DEBUG anaconda: is_valid_stage1_device(sda) returning True
12:33:49,429 DEBUG anaconda: _is_valid_disklabel(sda) returning True
12:33:49,430 DEBUG anaconda: _is_valid_size(sda) returning True
12:33:49,430 DEBUG anaconda: _is_valid_location(sda) returning True
12:33:49,431 DEBUG anaconda: _is_valid_format(sda) returning True
12:33:49,431 DEBUG anaconda: is_valid_stage1_device(sda) returning True
12:33:49,431 DEBUG anaconda: _is_valid_disklabel(sda1) returning True
12:33:49,432 DEBUG anaconda: _is_valid_size(sda1) returning True
12:33:49,432 DEBUG anaconda: _is_valid_location(sda1) returning True
12:33:49,432 DEBUG anaconda: _is_valid_partition(sda1) returning True
12:33:49,433 DEBUG anaconda: _is_valid_format(sda1) returning True
12:33:49,433 DEBUG anaconda: is_valid_stage2_device(sda1) returning True
12:33:49,434 WARN anaconda: You have not specified a swap partition.  Although not strictly required in all cases, it will significantly improve performance for most installations.
12:33:49,534 INFO anaconda: fs space: 3000 MiB  needed: 2861.02 MiB
12:33:49,575 INFO anaconda: Running Thread: AnaInstallThread (140511295407872)
12:33:50,504 INFO anaconda: Setting up the installation environment
12:33:50,505 INFO anaconda: Setting up the installation environment
12:33:50,631 INFO anaconda: Creating disklabel on /dev/sda
12:33:50,704 INFO anaconda: Created disklabel on /dev/sda
12:33:50,969 INFO anaconda: Creating ext4 on /dev/sda1
12:33:51,471 INFO anaconda: Created ext4 on /dev/sda1
12:40:53,952 INFO anaconda: Installing boot loader
12:40:53,952 INFO anaconda: boot loader stage1 target device is sda
12:40:53,953 INFO anaconda: boot loader stage2 target device is sda1
12:40:53,954 DEBUG anaconda: new default image: <pyanaconda.bootloader.LinuxBootLoaderImage object at 0x7fcb544a3090>
12:41:00,540 INFO anaconda: bootloader.py: used boot args: console=ttyS0 crashkernel=auto 
12:41:00,996 INFO anaconda: Installing boot loader
12:41:00,996 INFO anaconda: Performing post-installation setup tasks
12:41:01,011 INFO anaconda: Performing post-installation setup tasks
12:41:01,013 INFO anaconda: Thread Done: AnaInstallThread (140511295407872)
12:41:01,016 INFO anaconda: Running Thread: AnaConfigurationThread (140511312193280)
12:41:01,017 INFO anaconda: Configuring installed system
12:41:01,018 ERR anaconda: Error setting selinux mode: [Errno 2] No such file or directory: '/mnt/sysimage/etc/selinux/config'
12:41:01,306 INFO anaconda: Configuring installed system
12:41:01,308 INFO anaconda: Writing network configuration
12:41:01,308 INFO anaconda: setting installation environment hostname to localhost.localdomain
12:41:01,383 INFO anaconda: Writing network configuration
12:41:01,384 INFO anaconda: Creating users
12:41:01,384 INFO anaconda: created new libuser.conf at /tmp/libuser.GGNwv2 with instPath="/mnt/sysimage"
12:41:01,603 INFO anaconda: Creating users
12:41:01,604 INFO anaconda: Configuring addons
12:41:01,615 INFO anaconda: Configuring addons
12:41:01,616 INFO anaconda: Generating initramfs
12:41:22,290 INFO anaconda: Generating initramfs
12:41:22,290 INFO anaconda: Running post-installation scripts
12:41:22,290 INFO anaconda: Running kickstart %%post script(s)
