12:33:28,706 DEBUG ifcfg: content of files (network initialization):
12:33:28,707 DEBUG ifcfg: /etc/sysconfig/network-scripts/ifcfg-ens3:
12:33:28,707 DEBUG ifcfg:   # Generated by dracut initrd
12:33:28,707 DEBUG ifcfg:   NAME="ens3"
12:33:28,707 DEBUG ifcfg:   DEVICE="ens3"
12:33:28,708 DEBUG ifcfg:   ONBOOT=yes
12:33:28,708 DEBUG ifcfg:   NETBOOT=yes
12:33:28,708 DEBUG ifcfg:   UUID="6f911287-18a9-4e1a-a32b-324b99786fb1"
12:33:28,708 DEBUG ifcfg:   IPV6INIT=yes
12:33:28,708 DEBUG ifcfg:   BOOTPROTO=dhcp
12:33:28,709 DEBUG ifcfg:   TYPE=Ethernet
12:33:28,721 DEBUG ifcfg: all settings: [{'802-3-ethernet': {'mac-address-blacklist': [], 's390-options': {}}, 'connection': {'interface-name': 'ens3', 'timestamp': 1434630805L, 'uuid': '6f911287-18a9-4e1a-a32b-324b99786fb1', 'secondaries': [], 'type': '802-3-ethernet', 'id': 'ens3', 'permissions': []}, 'ipv4': {'addresses': [], 'dns-search': [], 'route-data': [], 'dns': [], 'routes': [], 'address-data': [], 'method': 'auto'}, 'ipv6': {'addresses': [], 'dns-search': [], 'route-data': [], 'dns': [], 'routes': [], 'address-data': [], 'method': 'auto'}}]
12:33:28,806 DEBUG ifcfg: IfcfFile.read /etc/sysconfig/network-scripts/ifcfg-ens3
12:33:28,806 DEBUG ifcfg: IfcfFile.read /etc/sysconfig/network-scripts/ifcfg-ens3
12:33:28,807 DEBUG ifcfg: IfcfFile.read /etc/sysconfig/network-scripts/ifcfg-ens3
12:33:28,808 DEBUG ifcfg: IfcfFile.read /etc/sysconfig/network-scripts/ifcfg-ens3
12:33:28,808 DEBUG ifcfg: IfcfFile.read /etc/sysconfig/network-scripts/ifcfg-ens3
12:33:28,898 DEBUG ifcfg: content of files (kickstart pre section applied for devices ['ens3']):
12:33:28,898 DEBUG ifcfg: /etc/sysconfig/network-scripts/ifcfg-ens3:
12:33:28,898 DEBUG ifcfg:   # Generated by dracut initrd
12:33:28,899 DEBUG ifcfg:   NAME="ens3"
12:33:28,899 DEBUG ifcfg:   DEVICE="ens3"
12:33:28,899 DEBUG ifcfg:   ONBOOT=yes
12:33:28,899 DEBUG ifcfg:   NETBOOT=yes
12:33:28,900 DEBUG ifcfg:   UUID="6f911287-18a9-4e1a-a32b-324b99786fb1"
12:33:28,902 DEBUG ifcfg:   IPV6INIT=yes
12:33:28,903 DEBUG ifcfg:   BOOTPROTO=dhcp
12:33:28,903 DEBUG ifcfg:   TYPE=Ethernet
12:33:28,904 DEBUG ifcfg:   DEFROUTE=yes
12:33:28,905 DEBUG ifcfg:   PEERDNS=yes
12:33:28,906 DEBUG ifcfg:   PEERROUTES=yes
12:33:28,906 DEBUG ifcfg:   IPV4_FAILURE_FATAL=no
12:33:28,906 DEBUG ifcfg:   IPV6_AUTOCONF=yes
12:33:28,907 DEBUG ifcfg:   IPV6_DEFROUTE=yes
12:33:28,907 DEBUG ifcfg:   IPV6_PEERDNS=yes
12:33:28,908 DEBUG ifcfg:   IPV6_PEERROUTES=yes
12:33:28,909 DEBUG ifcfg:   IPV6_FAILURE_FATAL=no
12:33:28,927 DEBUG ifcfg: all settings: [{'802-3-ethernet': {'mac-address-blacklist': [], 's390-options': {}}, 'connection': {'interface-name': 'ens3', 'timestamp': 1434630808L, 'uuid': '6f911287-18a9-4e1a-a32b-324b99786fb1', 'secondaries': [], 'type': '802-3-ethernet', 'id': 'ens3', 'permissions': []}, 'ipv4': {'addresses': [], 'dns-search': [], 'route-data': [], 'dns': [], 'routes': [], 'address-data': [], 'method': 'auto'}, 'ipv6': {'addresses': [], 'dns-search': [], 'route-data': [], 'dns': [], 'routes': [], 'address-data': [], 'method': 'auto'}}]
12:33:29,082 DEBUG ifcfg: content of files (setting real kickstart ONBOOT value for devices ['ens3']):
12:33:29,082 DEBUG ifcfg: /etc/sysconfig/network-scripts/ifcfg-ens3:
12:33:29,082 DEBUG ifcfg:   # Generated by dracut initrd
12:33:29,082 DEBUG ifcfg:   NAME="ens3"
12:33:29,082 DEBUG ifcfg:   DEVICE="ens3"
12:33:29,082 DEBUG ifcfg:   ONBOOT=yes
12:33:29,083 DEBUG ifcfg:   NETBOOT=yes
12:33:29,083 DEBUG ifcfg:   UUID="6f911287-18a9-4e1a-a32b-324b99786fb1"
12:33:29,083 DEBUG ifcfg:   IPV6INIT=yes
12:33:29,083 DEBUG ifcfg:   BOOTPROTO=dhcp
12:33:29,083 DEBUG ifcfg:   TYPE=Ethernet
12:33:29,084 DEBUG ifcfg:   DEFROUTE=yes
12:33:29,085 DEBUG ifcfg:   IPV4_FAILURE_FATAL=no
12:33:29,085 DEBUG ifcfg:   IPV6_AUTOCONF=yes
12:33:29,086 DEBUG ifcfg:   IPV6_DEFROUTE=yes
12:33:29,086 DEBUG ifcfg:   IPV6_FAILURE_FATAL=no
12:33:29,087 DEBUG ifcfg:   PEERDNS=yes
12:33:29,088 DEBUG ifcfg:   PEERROUTES=yes
12:33:29,088 DEBUG ifcfg:   IPV6_PEERDNS=yes
12:33:29,088 DEBUG ifcfg:   IPV6_PEERROUTES=yes
12:33:29,098 DEBUG ifcfg: all settings: [{'802-3-ethernet': {'mac-address-blacklist': [], 's390-options': {}}, 'connection': {'interface-name': 'ens3', 'timestamp': 1434630809L, 'uuid': '6f911287-18a9-4e1a-a32b-324b99786fb1', 'secondaries': [], 'type': '802-3-ethernet', 'id': 'ens3', 'permissions': []}, 'ipv4': {'addresses': [], 'dns-search': [], 'route-data': [], 'dns': [], 'routes': [], 'address-data': [], 'method': 'auto'}, 'ipv6': {'addresses': [], 'dns-search': [], 'route-data': [], 'dns': [], 'routes': [], 'address-data': [], 'method': 'auto'}}]
