Jun 18 12:41:23 Erased: 1:grub2-2.02-0.16.el7.centos.x86_64
Jun 18 12:41:24 Erased: 1:grub2-tools-2.02-0.16.el7.centos.x86_64
Jun 18 12:41:24 Erased: kexec-tools-2.0.7-19.el7_1.2.x86_64
Jun 18 12:41:24 Erased: dracut-network-033-241.el7_1.1.x86_64
Jun 18 12:41:24 Erased: 12:dhclient-4.2.5-36.el7.centos.x86_64
Jun 18 12:41:25 Erased: 12:dhcp-common-4.2.5-36.el7.centos.x86_64
Jun 18 12:41:25 Erased: initscripts-9.49.24-1.el7.x86_64
Jun 18 12:41:25 Erased: 32:bind-libs-lite-9.9.4-18.el7_1.1.x86_64
Jun 18 12:41:25 Erased: dracut-033-241.el7_1.1.x86_64
Jun 18 12:41:26 Erased: gettext-0.18.2.1-4.el7.x86_64
Jun 18 12:41:26 Erased: os-prober-1.58-5.el7.x86_64
Jun 18 12:41:26 Erased: kmod-14-10.el7.x86_64
Jun 18 12:41:27 Erased: 32:bind-utils-9.9.4-18.el7_1.1.x86_64
Jun 18 12:41:27 Erased: 12:dhcp-libs-4.2.5-36.el7.centos.x86_64
Jun 18 12:41:27 Erased: centos-logos-70.0.6-2.el7.centos.noarch
Jun 18 12:41:27 Erased: 32:bind-libs-9.9.4-18.el7_1.1.x86_64
Jun 18 12:41:28 Erased: 32:bind-license-9.9.4-18.el7_1.1.noarch
Jun 18 12:41:28 Erased: kmod-libs-14-10.el7.x86_64
Jun 18 12:41:28 Erased: gettext-libs-0.18.2.1-4.el7.x86_64
Jun 18 12:41:28 Erased: freetype-2.4.11-10.el7_1.1.x86_64
Jun 18 12:41:29 Erased: grubby-8.28-11.el7.x86_64
Jun 18 12:41:30 Erased: firewalld-0.3.9-11.el7.noarch
Jun 18 12:41:30 Erased: python-slip-dbus-0.4.0-2.el7.noarch
Jun 18 12:41:30 Erased: python-slip-0.4.0-2.el7.noarch
Jun 18 12:41:30 Erased: dbus-python-1.1.1-9.el7.x86_64
Jun 18 12:41:31 Erased: pygobject3-base-3.8.2-6.el7.x86_64
Jun 18 12:41:31 Erased: e2fsprogs-1.42.9-7.el7.x86_64
Jun 18 12:41:31 Erased: kpartx-0.4.9-77.el7.x86_64
Jun 18 12:41:32 Erased: python-decorator-3.4.0-3.el7.noarch
Jun 18 12:41:32 Erased: linux-firmware-20140911-0.1.git365e80c.el7.noarch
Jun 18 12:41:32 Erased: 7:device-mapper-1.02.93-3.el7.x86_64
Jun 18 12:41:32 Erased: 7:device-mapper-libs-1.02.93-3.el7.x86_64
Jun 18 12:41:33 Erased: e2fsprogs-libs-1.42.9-7.el7.x86_64
Jun 18 12:41:33 Erased: gobject-introspection-1.36.0-4.el7.x86_64
Jun 18 12:41:33 Erased: dbus-glib-0.100-7.el7.x86_64
Jun 18 12:41:33 Erased: libselinux-python-2.2.2-6.el7.x86_64
Jun 18 12:41:34 Erased: ebtables-2.0.10-13.el7.x86_64
Jun 18 12:41:34 Erased: sysvinit-tools-2.88-14.dsf.el7.x86_64
