warning: Failed to open SELinux handle.
warning: file /lib/modules/3.10.0-229.4.2.el7.x86_64/weak-updates: remove failed: No such file or directory
warning: file /lib/modules/3.10.0-229.4.2.el7.x86_64/modules.softdep: remove failed: No such file or directory
warning: file /lib/modules/3.10.0-229.4.2.el7.x86_64/modules.devname: remove failed: No such file or directory
Loaded plugins: fastestmirror
No Match for argument: hwdata
Resolving Dependencies
--> Running transaction check
---> Package bind-license.noarch 32:9.9.4-18.el7_1.1 will be erased
--> Processing Dependency: bind-license = 32:9.9.4-18.el7_1.1 for package: 32:bind-libs-lite-9.9.4-18.el7_1.1.x86_64
--> Processing Dependency: bind-license = 32:9.9.4-18.el7_1.1 for package: 32:bind-libs-9.9.4-18.el7_1.1.x86_64
---> Package centos-logos.noarch 0:70.0.6-2.el7.centos will be erased
--> Processing Dependency: system-logos for package: 1:grub2-tools-2.02-0.16.el7.centos.x86_64
---> Package dhclient.x86_64 12:4.2.5-36.el7.centos will be erased
--> Processing Dependency: dhclient for package: dracut-network-033-241.el7_1.1.x86_64
---> Package dhcp-libs.x86_64 12:4.2.5-36.el7.centos will be erased
--> Processing Dependency: dhcp-libs(x86-64) = 12:4.2.5-36.el7.centos for package: 12:dhcp-common-4.2.5-36.el7.centos.x86_64
---> Package dracut.x86_64 0:033-241.el7_1.1 will be erased
--> Processing Dependency: dracut >= 033-145 for package: kexec-tools-2.0.7-19.el7_1.2.x86_64
---> Package freetype.x86_64 0:2.4.11-10.el7_1.1 will be erased
---> Package gettext.x86_64 0:0.18.2.1-4.el7 will be erased
---> Package gettext-libs.x86_64 0:0.18.2.1-4.el7 will be erased
---> Package grub2.x86_64 1:2.02-0.16.el7.centos will be erased
---> Package grubby.x86_64 0:8.28-11.el7 will be erased
---> Package kmod.x86_64 0:14-10.el7 will be erased
--> Processing Dependency: module-init-tools for package: initscripts-9.49.24-1.el7.x86_64
---> Package kmod-libs.x86_64 0:14-10.el7 will be erased
---> Package os-prober.x86_64 0:1.58-5.el7 will be erased
--> Running transaction check
---> Package bind-libs.x86_64 32:9.9.4-18.el7_1.1 will be erased
--> Processing Dependency: bind-libs = 32:9.9.4-18.el7_1.1 for package: 32:bind-utils-9.9.4-18.el7_1.1.x86_64
--> Processing Dependency: libbind9.so.90()(64bit) for package: 32:bind-utils-9.9.4-18.el7_1.1.x86_64
--> Processing Dependency: libdns.so.100()(64bit) for package: 32:bind-utils-9.9.4-18.el7_1.1.x86_64
--> Processing Dependency: libisc.so.95()(64bit) for package: 32:bind-utils-9.9.4-18.el7_1.1.x86_64
--> Processing Dependency: libisccc.so.90()(64bit) for package: 32:bind-utils-9.9.4-18.el7_1.1.x86_64
--> Processing Dependency: libisccfg.so.90()(64bit) for package: 32:bind-utils-9.9.4-18.el7_1.1.x86_64
--> Processing Dependency: liblwres.so.90()(64bit) for package: 32:bind-utils-9.9.4-18.el7_1.1.x86_64
---> Package bind-libs-lite.x86_64 32:9.9.4-18.el7_1.1 will be erased
---> Package dhcp-common.x86_64 12:4.2.5-36.el7.centos will be erased
---> Package dracut-network.x86_64 0:033-241.el7_1.1 will be erased
---> Package grub2-tools.x86_64 1:2.02-0.16.el7.centos will be erased
---> Package initscripts.x86_64 0:9.49.24-1.el7 will be erased
---> Package kexec-tools.x86_64 0:2.0.7-19.el7_1.2 will be erased
--> Running transaction check
---> Package bind-utils.x86_64 32:9.9.4-18.el7_1.1 will be erased
--> Finished Dependency Resolution

Dependencies Resolved

================================================================================
 Package            Arch       Version                       Repository    Size
================================================================================
Removing:
 bind-license       noarch     32:9.9.4-18.el7_1.1           @Updates      25 k
 centos-logos       noarch     70.0.6-2.el7.centos           @Updates      22 M
 dhclient           x86_64     12:4.2.5-36.el7.centos        @CentOS      471 k
 dhcp-libs          x86_64     12:4.2.5-36.el7.centos        @CentOS      146 k
 dracut             x86_64     033-241.el7_1.1               @Updates     840 k
 freetype           x86_64     2.4.11-10.el7_1.1             @Updates     878 k
 gettext            x86_64     0.18.2.1-4.el7                @CentOS      4.1 M
 gettext-libs       x86_64     0.18.2.1-4.el7                @CentOS      1.3 M
 grub2              x86_64     1:2.02-0.16.el7.centos        @CentOS      7.1 M
 grubby             x86_64     8.28-11.el7                   @CentOS      116 k
 kmod               x86_64     14-10.el7                     @CentOS      151 k
 kmod-libs          x86_64     14-10.el7                     @CentOS       89 k
 os-prober          x86_64     1.58-5.el7                    @CentOS       97 k
Removing for dependencies:
 bind-libs          x86_64     32:9.9.4-18.el7_1.1           @Updates     2.5 M
 bind-libs-lite     x86_64     32:9.9.4-18.el7_1.1           @Updates     1.7 M
 bind-utils         x86_64     32:9.9.4-18.el7_1.1           @Updates     434 k
 dhcp-common        x86_64     12:4.2.5-36.el7.centos        @CentOS      240 k
 dracut-network     x86_64     033-241.el7_1.1               @Updates     123 k
 grub2-tools        x86_64     1:2.02-0.16.el7.centos        @CentOS       20 M
 initscripts        x86_64     9.49.24-1.el7                 @CentOS      1.4 M
 kexec-tools        x86_64     2.0.7-19.el7_1.2              @Updates     670 k

Transaction Summary
================================================================================
Remove  13 Packages (+8 Dependent packages)

Installed size: 64 M
Downloading packages:
Running transaction check
Running transaction test
Transaction test succeeded
Running transaction
Warning: RPMDB altered outside of yum.
warning: Failed to open SELinux handle.
install-info: No such file or directory for /usr/share/info/grub2.info.gz
install-info: No such file or directory for /usr/share/info/grub2-dev.info.gz
  Erasing    : 1:grub2-2.02-0.16.el7.centos.x86_64                         1/21 
  Erasing    : 1:grub2-tools-2.02-0.16.el7.centos.x86_64                   2/21 
  Erasing    : kexec-tools-2.0.7-19.el7_1.2.x86_64                         3/21 
  Erasing    : dracut-network-033-241.el7_1.1.x86_64                       4/21 
  Erasing    : 12:dhclient-4.2.5-36.el7.centos.x86_64                      5/21 
  Erasing    : 12:dhcp-common-4.2.5-36.el7.centos.x86_64                   6/21 
  Erasing    : initscripts-9.49.24-1.el7.x86_64                            7/21 
warning: /etc/adjtime saved as /etc/adjtime.rpmsave
  Erasing    : 32:bind-libs-lite-9.9.4-18.el7_1.1.x86_64                   8/21 
  Erasing    : dracut-033-241.el7_1.1.x86_64                               9/21 
install-info: No such file or directory for /usr/share/info/gettext.info.gz
  Erasing    : gettext-0.18.2.1-4.el7.x86_64                              10/21 
  Erasing    : os-prober-1.58-5.el7.x86_64                                11/21 
  Erasing    : kmod-14-10.el7.x86_64                                      12/21 
  Erasing    : 32:bind-utils-9.9.4-18.el7_1.1.x86_64                      13/21 
  Erasing    : 12:dhcp-libs-4.2.5-36.el7.centos.x86_64                    14/21 
  Erasing    : centos-logos-70.0.6-2.el7.centos.noarch                    15/21 
  Erasing    : 32:bind-libs-9.9.4-18.el7_1.1.x86_64                       16/21 
  Erasing    : 32:bind-license-9.9.4-18.el7_1.1.noarch                    17/21 
  Erasing    : kmod-libs-14-10.el7.x86_64                                 18/21 
  Erasing    : gettext-libs-0.18.2.1-4.el7.x86_64                         19/21 
  Erasing    : freetype-2.4.11-10.el7_1.1.x86_64                          20/21 
  Erasing    : grubby-8.28-11.el7.x86_64                                  21/21 
  Verifying  : centos-logos-70.0.6-2.el7.centos.noarch                     1/21 
  Verifying  : 1:grub2-2.02-0.16.el7.centos.x86_64                         2/21 
  Verifying  : gettext-libs-0.18.2.1-4.el7.x86_64                          3/21 
  Verifying  : kmod-libs-14-10.el7.x86_64                                  4/21 
  Verifying  : 1:grub2-tools-2.02-0.16.el7.centos.x86_64                   5/21 
  Verifying  : 32:bind-utils-9.9.4-18.el7_1.1.x86_64                       6/21 
  Verifying  : initscripts-9.49.24-1.el7.x86_64                            7/21 
  Verifying  : kexec-tools-2.0.7-19.el7_1.2.x86_64                         8/21 
  Verifying  : os-prober-1.58-5.el7.x86_64                                 9/21 
  Verifying  : 32:bind-libs-9.9.4-18.el7_1.1.x86_64                       10/21 
  Verifying  : dracut-033-241.el7_1.1.x86_64                              11/21 
  Verifying  : dracut-network-033-241.el7_1.1.x86_64                      12/21 
  Verifying  : 32:bind-libs-lite-9.9.4-18.el7_1.1.x86_64                  13/21 
  Verifying  : 12:dhcp-libs-4.2.5-36.el7.centos.x86_64                    14/21 
  Verifying  : 12:dhclient-4.2.5-36.el7.centos.x86_64                     15/21 
  Verifying  : 32:bind-license-9.9.4-18.el7_1.1.noarch                    16/21 
  Verifying  : gettext-0.18.2.1-4.el7.x86_64                              17/21 
  Verifying  : grubby-8.28-11.el7.x86_64                                  18/21 
  Verifying  : freetype-2.4.11-10.el7_1.1.x86_64                          19/21 
  Verifying  : kmod-14-10.el7.x86_64                                      20/21 
  Verifying  : 12:dhcp-common-4.2.5-36.el7.centos.x86_64                  21/21 

Removed:
  bind-license.noarch 32:9.9.4-18.el7_1.1                                       
  centos-logos.noarch 0:70.0.6-2.el7.centos                                     
  dhclient.x86_64 12:4.2.5-36.el7.centos                                        
  dhcp-libs.x86_64 12:4.2.5-36.el7.centos                                       
  dracut.x86_64 0:033-241.el7_1.1                                               
  freetype.x86_64 0:2.4.11-10.el7_1.1                                           
  gettext.x86_64 0:0.18.2.1-4.el7                                               
  gettext-libs.x86_64 0:0.18.2.1-4.el7                                          
  grub2.x86_64 1:2.02-0.16.el7.centos                                           
  grubby.x86_64 0:8.28-11.el7                                                   
  kmod.x86_64 0:14-10.el7                                                       
  kmod-libs.x86_64 0:14-10.el7                                                  
  os-prober.x86_64 0:1.58-5.el7                                                 

Dependency Removed:
  bind-libs.x86_64 32:9.9.4-18.el7_1.1                                          
  bind-libs-lite.x86_64 32:9.9.4-18.el7_1.1                                     
  bind-utils.x86_64 32:9.9.4-18.el7_1.1                                         
  dhcp-common.x86_64 12:4.2.5-36.el7.centos                                     
  dracut-network.x86_64 0:033-241.el7_1.1                                       
  grub2-tools.x86_64 1:2.02-0.16.el7.centos                                     
  initscripts.x86_64 0:9.49.24-1.el7                                            
  kexec-tools.x86_64 0:2.0.7-19.el7_1.2                                         

Complete!
Loaded plugins: fastestmirror
Resolving Dependencies
--> Running transaction check
---> Package dbus-glib.x86_64 0:0.100-7.el7 will be erased
---> Package dbus-python.x86_64 0:1.1.1-9.el7 will be erased
---> Package device-mapper.x86_64 7:1.02.93-3.el7 will be erased
---> Package device-mapper-libs.x86_64 7:1.02.93-3.el7 will be erased
---> Package e2fsprogs-libs.x86_64 0:1.42.9-7.el7 will be erased
--> Processing Dependency: e2fsprogs-libs(x86-64) = 1.42.9-7.el7 for package: e2fsprogs-1.42.9-7.el7.x86_64
--> Processing Dependency: libe2p.so.2()(64bit) for package: e2fsprogs-1.42.9-7.el7.x86_64
--> Processing Dependency: libext2fs.so.2()(64bit) for package: e2fsprogs-1.42.9-7.el7.x86_64
---> Package ebtables.x86_64 0:2.0.10-13.el7 will be erased
---> Package firewalld.noarch 0:0.3.9-11.el7 will be erased
---> Package gobject-introspection.x86_64 0:1.36.0-4.el7 will be erased
---> Package kpartx.x86_64 0:0.4.9-77.el7 will be erased
---> Package libselinux-python.x86_64 0:2.2.2-6.el7 will be erased
---> Package linux-firmware.noarch 0:20140911-0.1.git365e80c.el7 will be erased
---> Package pygobject3-base.x86_64 0:3.8.2-6.el7 will be erased
---> Package python-decorator.noarch 0:3.4.0-3.el7 will be erased
---> Package python-slip.noarch 0:0.4.0-2.el7 will be erased
---> Package python-slip-dbus.noarch 0:0.4.0-2.el7 will be erased
---> Package sysvinit-tools.x86_64 0:2.88-14.dsf.el7 will be erased
--> Running transaction check
---> Package e2fsprogs.x86_64 0:1.42.9-7.el7 will be erased
--> Finished Dependency Resolution

Dependencies Resolved

================================================================================
 Package                 Arch     Version                       Repository
                                                                           Size
================================================================================
Removing:
 dbus-glib               x86_64   0.100-7.el7                   @CentOS   294 k
 dbus-python             x86_64   1.1.1-9.el7                   @CentOS   828 k
 device-mapper           x86_64   7:1.02.93-3.el7               @CentOS   189 k
 device-mapper-libs      x86_64   7:1.02.93-3.el7               @CentOS   293 k
 e2fsprogs-libs          x86_64   1.42.9-7.el7                  @CentOS   355 k
 ebtables                x86_64   2.0.10-13.el7                 @CentOS   342 k
 firewalld               noarch   0.3.9-11.el7                  @CentOS   2.3 M
 gobject-introspection   x86_64   1.36.0-4.el7                  @CentOS   762 k
 kpartx                  x86_64   0.4.9-77.el7                  @CentOS    37 k
 libselinux-python       x86_64   2.2.2-6.el7                   @CentOS   717 k
 linux-firmware          noarch   20140911-0.1.git365e80c.el7   @CentOS    42 M
 pygobject3-base         x86_64   3.8.2-6.el7                   @CentOS   1.1 M
 python-decorator        noarch   3.4.0-3.el7                   @CentOS    71 k
 python-slip             noarch   0.4.0-2.el7                   @CentOS    60 k
 python-slip-dbus        noarch   0.4.0-2.el7                   @CentOS    75 k
 sysvinit-tools          x86_64   2.88-14.dsf.el7               @CentOS   107 k
Removing for dependencies:
 e2fsprogs               x86_64   1.42.9-7.el7                  @CentOS   2.4 M

Transaction Summary
================================================================================
Remove  16 Packages (+1 Dependent package)

Installed size: 52 M
Downloading packages:
Running transaction check
Running transaction test
Transaction test succeeded
Running transaction
warning: Failed to open SELinux handle.
  Erasing    : firewalld-0.3.9-11.el7.noarch                               1/17 
  Erasing    : python-slip-dbus-0.4.0-2.el7.noarch                         2/17 
  Erasing    : python-slip-0.4.0-2.el7.noarch                              3/17 
  Erasing    : dbus-python-1.1.1-9.el7.x86_64                              4/17 
  Erasing    : pygobject3-base-3.8.2-6.el7.x86_64                          5/17 
  Erasing    : e2fsprogs-1.42.9-7.el7.x86_64                               6/17 
  Erasing    : kpartx-0.4.9-77.el7.x86_64                                  7/17 
  Erasing    : python-decorator-3.4.0-3.el7.noarch                         8/17 
  Erasing    : linux-firmware-20140911-0.1.git365e80c.el7.noarch           9/17 
  Erasing    : 7:device-mapper-1.02.93-3.el7.x86_64                       10/17 
  Erasing    : 7:device-mapper-libs-1.02.93-3.el7.x86_64                  11/17 
  Erasing    : e2fsprogs-libs-1.42.9-7.el7.x86_64                         12/17 
  Erasing    : gobject-introspection-1.36.0-4.el7.x86_64                  13/17 
  Erasing    : dbus-glib-0.100-7.el7.x86_64                               14/17 
  Erasing    : libselinux-python-2.2.2-6.el7.x86_64                       15/17 
  Erasing    : ebtables-2.0.10-13.el7.x86_64                              16/17 
  Erasing    : sysvinit-tools-2.88-14.dsf.el7.x86_64                      17/17 
  Verifying  : gobject-introspection-1.36.0-4.el7.x86_64                   1/17 
  Verifying  : dbus-python-1.1.1-9.el7.x86_64                              2/17 
  Verifying  : libselinux-python-2.2.2-6.el7.x86_64                        3/17 
  Verifying  : kpartx-0.4.9-77.el7.x86_64                                  4/17 
  Verifying  : python-slip-dbus-0.4.0-2.el7.noarch                         5/17 
  Verifying  : ebtables-2.0.10-13.el7.x86_64                               6/17 
  Verifying  : python-slip-0.4.0-2.el7.noarch                              7/17 
  Verifying  : firewalld-0.3.9-11.el7.noarch                               8/17 
  Verifying  : linux-firmware-20140911-0.1.git365e80c.el7.noarch           9/17 
  Verifying  : pygobject3-base-3.8.2-6.el7.x86_64                         10/17 
  Verifying  : 7:device-mapper-1.02.93-3.el7.x86_64                       11/17 
  Verifying  : e2fsprogs-1.42.9-7.el7.x86_64                              12/17 
  Verifying  : dbus-glib-0.100-7.el7.x86_64                               13/17 
  Verifying  : sysvinit-tools-2.88-14.dsf.el7.x86_64                      14/17 
  Verifying  : 7:device-mapper-libs-1.02.93-3.el7.x86_64                  15/17 
  Verifying  : python-decorator-3.4.0-3.el7.noarch                        16/17 
  Verifying  : e2fsprogs-libs-1.42.9-7.el7.x86_64                         17/17 

Removed:
  dbus-glib.x86_64 0:0.100-7.el7                                                
  dbus-python.x86_64 0:1.1.1-9.el7                                              
  device-mapper.x86_64 7:1.02.93-3.el7                                          
  device-mapper-libs.x86_64 7:1.02.93-3.el7                                     
  e2fsprogs-libs.x86_64 0:1.42.9-7.el7                                          
  ebtables.x86_64 0:2.0.10-13.el7                                               
  firewalld.noarch 0:0.3.9-11.el7                                               
  gobject-introspection.x86_64 0:1.36.0-4.el7                                   
  kpartx.x86_64 0:0.4.9-77.el7                                                  
  libselinux-python.x86_64 0:2.2.2-6.el7                                        
  linux-firmware.noarch 0:20140911-0.1.git365e80c.el7                           
  pygobject3-base.x86_64 0:3.8.2-6.el7                                          
  python-decorator.noarch 0:3.4.0-3.el7                                         
  python-slip.noarch 0:0.4.0-2.el7                                              
  python-slip-dbus.noarch 0:0.4.0-2.el7                                         
  sysvinit-tools.x86_64 0:2.88-14.dsf.el7                                       

Dependency Removed:
  e2fsprogs.x86_64 0:1.42.9-7.el7                                               

Complete!
/tmp/ks-script-SS4zba: line 20: passwd: command not found
md5sum: write error
50+0 records in
50+0 records out
25600 bytes (26 kB) copied, 0.00325622 s, 7.9 MB/s
/tmp/ks-script-SS4zba: line 21: passwd: command not found
/usr/share/i18n/locales/en_US:7: non-symbolic character value should not be used
/usr/share/i18n/locales/en_US:8: non-symbolic character value should not be used
/usr/share/i18n/locales/en_US:9: non-symbolic character value should not be used
/usr/share/i18n/locales/en_US:11: non-symbolic character value should not be used
/usr/share/i18n/locales/en_US:14: non-symbolic character value should not be used
/usr/share/i18n/locales/en_US:15: non-symbolic character value should not be used
/usr/share/i18n/locales/en_US:16: non-symbolic character value should not be used
/usr/share/i18n/locales/en_US:17: non-symbolic character value should not be used
/usr/share/i18n/locales/en_US:19: non-symbolic character value should not be used
/usr/share/i18n/locales/en_US:20: non-symbolic character value should not be used
/usr/share/i18n/locales/en_US:21: non-symbolic character value should not be used
/usr/share/i18n/locales/en_US:22: non-symbolic character value should not be used
/usr/share/i18n/locales/en_US:23: non-symbolic character value should not be used
/usr/share/i18n/locales/en_US:24: non-symbolic character value should not be used
/usr/share/i18n/locales/en_US:25: non-symbolic character value should not be used
/usr/share/i18n/locales/en_US:26: non-symbolic character value should not be used
/usr/share/i18n/locales/en_US:27: non-symbolic character value should not be used
/usr/share/i18n/locales/en_US:28: non-symbolic character value should not be used
/usr/share/i18n/locales/en_US:29: non-symbolic character value should not be used
/usr/share/i18n/locales/en_US:34: non-symbolic character value should not be used
/usr/share/i18n/locales/en_GB:50: non-symbolic character value should not be used
/usr/share/i18n/locales/i18n:1425: non-symbolic character value should not be used
/usr/share/i18n/locales/i18n:1674: non-symbolic character value should not be used
/usr/share/i18n/locales/i18n:1719: non-symbolic character value should not be used
/usr/share/i18n/locales/i18n:1756: non-symbolic character value should not be used
/usr/share/i18n/locales/en_GB:53: non-symbolic character value should not be used
/usr/share/i18n/locales/en_GB:59: non-symbolic character value should not be used
/usr/share/i18n/locales/en_GB:152: non-symbolic character value should not be used
/usr/share/i18n/locales/en_US:40: non-symbolic character value should not be used
/usr/share/i18n/locales/iso14651_t1:3: non-symbolic character value should not be used
/usr/share/i18n/locales/translit_neutral:10: non-symbolic character value should not be used
/usr/share/i18n/locales/translit_neutral:11: non-symbolic character value should not be used
/usr/share/i18n/locales/translit_neutral:12: non-symbolic character value should not be used
/usr/share/i18n/locales/translit_neutral:13: non-symbolic character value should not be used
/usr/share/i18n/locales/translit_neutral:14: non-symbolic character value should not be used
/usr/share/i18n/locales/translit_neutral:15: non-symbolic character value should not be used
/usr/share/i18n/locales/translit_neutral:16: non-symbolic character value should not be used
/usr/share/i18n/locales/translit_neutral:17: non-symbolic character value should not be used
LC_NAME: field `name_gen' not defined
LC_IDENTIFICATION: field `audience' not defined
LC_IDENTIFICATION: field `application' not defined
LC_IDENTIFICATION: field `abbreviation' not defined
LC_IDENTIFICATION: no identification for category `LC_MEASUREMENT'
LC_CTYPE: table for class "upper": 1756 bytes
LC_CTYPE: table for class "lower": 1756 bytes
LC_CTYPE: table for class "alpha": 4320 bytes
LC_CTYPE: table for class "digit": 600 bytes
LC_CTYPE: table for class "xdigit": 600 bytes
LC_CTYPE: table for class "space": 856 bytes
LC_CTYPE: table for class "print": 5976 bytes
LC_CTYPE: table for class "graph": 5976 bytes
LC_CTYPE: table for class "blank": 856 bytes
LC_CTYPE: table for class "cntrl": 664 bytes
LC_CTYPE: table for class "punct": 4824 bytes
LC_CTYPE: table for class "alnum": 4320 bytes
LC_CTYPE: table for class "combining": 3152 bytes
LC_CTYPE: table for class "combining_level3": 2832 bytes
LC_CTYPE: table for map "toupper": 16924 bytes
LC_CTYPE: table for map "tolower": 15388 bytes
LC_CTYPE: table for map "totitle": 16924 bytes
LC_CTYPE: table for width: 26712 bytes
cp: cannot stat '/usr/lib/systemd/system/dbus.service': No such file or directory
sed: can't read /etc/systemd/system/dbus.service: No such file or directory
ln -s '/dev/null' '/etc/systemd/system/systemd-remount-fs.service'
ln -s '/dev/null' '/etc/systemd/system/dev-hugepages.mount'
ln -s '/dev/null' '/etc/systemd/system/sys-fs-fuse-connections.mount'
ln -s '/dev/null' '/etc/systemd/system/systemd-logind.service'
ln -s '/dev/null' '/etc/systemd/system/getty.target'
ln -s '/dev/null' '/etc/systemd/system/console-getty.service'
